<?xml version="1.0" encoding="UTF-8"?>
<!-- Generated by org.testng.reporters.JUnitReportReporter -->
<testsuite hostname="dell" failures="0" tests="2" name="UnDosTres.UnDosTresTest.Sampletest" time="15.388" errors="0" timestamp="2022-03-07T10:29:35 IST" skipped="0">
  <testcase classname="UnDosTres.UnDosTresTest.Sampletest" name="paymentcheck" time="0.848"/>
  <system-out/>
  <testcase classname="UnDosTres.UnDosTresTest.Sampletest" name="ApplucationOperations" time="14.540"/>
  <system-out/>
</testsuite> <!-- UnDosTres.UnDosTresTest.Sampletest -->
